<?xml version="1.0" encoding="UTF-8"?>
<!-- Generated by org.testng.reporters.JUnitXMLReporter -->
<testsuite ignored="0" hostname="ASISH" failures="0" tests="3" name="Test" time="0.101" errors="0" timestamp="2024-02-11T11:15:30 IST">
  <testcase classname="com.VtigerProject.LeadsTestCases.DemoTest" name="run" time="0.012"/>
  <testcase classname="com.VtigerProject.LeadsTestCases.DemoTest" name="start" time="0.001"/>
  <testcase classname="com.VtigerProject.LeadsTestCases.DemoTest" name="stop" time="0.001"/>
</testsuite> <!-- Test -->
