<?xml version="1.0" encoding="UTF-8"?>
<testng-results ignored="0" total="3" passed="3" failed="0" skipped="0">
  <reporter-output>
    <line>
      <![CDATA[Run]]>
    </line>
    <line>
      <![CDATA[Started]]>
    </line>
    <line>
      <![CDATA[Stoped]]>
    </line>
  </reporter-output>
  <suite started-at="2024-02-11T11:15:30 IST" name="Suite" finished-at="2024-02-11T11:15:30 IST" duration-ms="101">
    <groups>
    </groups>
    <test started-at="2024-02-11T11:15:30 IST" name="Test" finished-at="2024-02-11T11:15:30 IST" duration-ms="101">
      <class name="com.VtigerProject.LeadsTestCases.DemoTest">
        <test-method signature="run()[pri:0, instance:com.VtigerProject.LeadsTestCases.DemoTest@10163d6]" started-at="2024-02-11T11:15:30 IST" name="run" finished-at="2024-02-11T11:15:30 IST" duration-ms="12" status="PASS">
          <reporter-output>
            <line>
              <![CDATA[Run]]>
            </line>
          </reporter-output>
        </test-method> <!-- run -->
        <test-method signature="start()[pri:0, instance:com.VtigerProject.LeadsTestCases.DemoTest@10163d6]" started-at="2024-02-11T11:15:30 IST" name="start" finished-at="2024-02-11T11:15:30 IST" duration-ms="1" status="PASS">
          <reporter-output>
            <line>
              <![CDATA[Started]]>
            </line>
          </reporter-output>
        </test-method> <!-- start -->
        <test-method signature="stop()[pri:0, instance:com.VtigerProject.LeadsTestCases.DemoTest@10163d6]" started-at="2024-02-11T11:15:30 IST" name="stop" finished-at="2024-02-11T11:15:30 IST" duration-ms="1" status="PASS">
          <reporter-output>
            <line>
              <![CDATA[Stoped]]>
            </line>
          </reporter-output>
        </test-method> <!-- stop -->
      </class> <!-- com.VtigerProject.LeadsTestCases.DemoTest -->
    </test> <!-- Test -->
  </suite> <!-- Suite -->
</testng-results>
